[16:52:28] [main/INFO]: Setting user: Player484
[16:52:30] [Client thread/INFO]: LWJGL Version: 2.9.0
[16:52:30] [Client thread/ERROR]: Couldn't set icon
javax.imageio.IIOException: Can't read input file!
	at javax.imageio.ImageIO.read(Unknown Source) ~[?:1.7.0_75]
	at net.minecraft.client.Minecraft.readImage(Minecraft.java:629) ~[Minecraft.class:?]
	at net.minecraft.client.Minecraft.startGame(Minecraft.java:458) [Minecraft.class:?]
	at net.minecraft.client.Minecraft.run(Minecraft.java:880) [Minecraft.class:?]
	at net.minecraft.client.main.Main.main(Main.java:112) [Main.class:?]
	at sun.reflect.NativeMethodAccessorImpl.invoke0(Native Method) ~[?:1.7.0_75]
	at sun.reflect.NativeMethodAccessorImpl.invoke(Unknown Source) ~[?:1.7.0_75]
	at sun.reflect.DelegatingMethodAccessorImpl.invoke(Unknown Source) ~[?:1.7.0_75]
	at java.lang.reflect.Method.invoke(Unknown Source) ~[?:1.7.0_75]
	at net.minecraft.launchwrapper.Launch.launch(Launch.java:134) [launchwrapper-1.9.jar:?]
	at net.minecraft.launchwrapper.Launch.main(Launch.java:28) [launchwrapper-1.9.jar:?]
[16:52:34] [Client thread/INFO]: Reloading ResourceManager: Default, FMLFileResourcePack:Forge Mod Loader, FMLFileResourcePack:Minecraft Forge, FMLFileResourcePack:DudeBoot
[16:52:35] [Sound Library Loader/INFO]: Sound engine started
[16:52:35] [Client thread/INFO]: Created: 512x256 textures/blocks-atlas
[16:52:35] [Client thread/INFO]: Created: 256x256 textures/items-atlas
[16:52:42] [Client thread/INFO]: Reloading ResourceManager: Default, FMLFileResourcePack:Forge Mod Loader, FMLFileResourcePack:Minecraft Forge, FMLFileResourcePack:DudeBoot
[16:52:43] [Client thread/INFO]: Created: 256x256 textures/items-atlas
[16:52:43] [Client thread/INFO]: Created: 512x256 textures/blocks-atlas
[16:52:44] [Sound Library Loader/INFO]: Sound engine started
[16:52:44] [MCO Availability Checker #1/ERROR]: Couldn't connect to Realms
[16:52:49] [Client thread/WARN]: Unable to play unknown soundEvent: minecraft:music.menu
[16:52:52] [Client thread/WARN]: Unable to play unknown soundEvent: minecraft:gui.button.press
[16:53:00] [Client thread/WARN]: Unable to play unknown soundEvent: minecraft:gui.button.press
[16:53:00] [Client thread/WARN]: Unable to play unknown soundEvent: minecraft:gui.button.press
[16:53:02] [Client thread/WARN]: Unable to play unknown soundEvent: minecraft:gui.button.press
[16:53:02] [Server thread/INFO]: Starting integrated minecraft server version 1.7.2
[16:53:02] [Server thread/INFO]: Generating keypair
[16:53:03] [Server thread/INFO]: Preparing start region for level 0
[16:53:04] [Server thread/INFO]: Player484[local:E:69b58b54] logged in with entity id 91 at (324.5219276700968, 45.48935596545438, 1170.5513276196555)
[16:53:04] [Server thread/INFO]: Player484 joined the game
[16:53:10] [Server thread/INFO]: Player484 has just earned the achievement [Taking Inventory]
[16:53:10] [Client thread/INFO]: [CHAT] Player484 has just earned the achievement [Taking Inventory]
[16:53:15] [Client thread/WARN]: Unable to play unknown soundEvent: minecraft:music.game.creative
[16:53:41] [Client thread/WARN]: Unable to play unknown soundEvent: minecraft:dig.stone
[16:53:49] [Client thread/WARN]: Unable to play unknown soundEvent: minecraft:mob.slime.big
[16:53:49] [Client thread/WARN]: Unable to play unknown soundEvent: minecraft:mob.slime.big
[16:53:50] [Client thread/WARN]: Unable to play unknown soundEvent: minecraft:mob.slime.big
[16:53:50] [Client thread/WARN]: Unable to play unknown soundEvent: minecraft:mob.slime.big
[16:53:51] [Client thread/WARN]: Unable to play unknown soundEvent: minecraft:step.grass
[16:53:51] [Client thread/WARN]: Unable to play unknown soundEvent: minecraft:mob.slime.big
[16:53:51] [Client thread/WARN]: Unable to play unknown soundEvent: minecraft:random.pop
[16:53:52] [Client thread/WARN]: Unable to play unknown soundEvent: minecraft:step.grass
[16:53:52] [Client thread/WARN]: Unable to play unknown soundEvent: minecraft:mob.slime.big
[16:53:52] [Client thread/WARN]: Unable to play unknown soundEvent: minecraft:mob.slime.small
[16:53:53] [Client thread/WARN]: Unable to play unknown soundEvent: minecraft:mob.slime.big
[16:53:53] [Client thread/WARN]: Unable to play unknown soundEvent: minecraft:step.grass
[16:53:53] [Client thread/WARN]: Unable to play unknown soundEvent: minecraft:step.grass
[16:53:53] [Client thread/WARN]: Unable to play unknown soundEvent: minecraft:mob.slime.big
[16:53:53] [Client thread/WARN]: Unable to play unknown soundEvent: minecraft:step.grass
[16:53:54] [Client thread/WARN]: Unable to play unknown soundEvent: minecraft:mob.slime.small
[16:53:54] [Client thread/WARN]: Unable to play unknown soundEvent: minecraft:step.grass
[16:53:54] [Client thread/WARN]: Unable to play unknown soundEvent: minecraft:mob.slime.big
[16:53:55] [Client thread/WARN]: Unable to play unknown soundEvent: minecraft:mob.slime.small
[16:53:55] [Client thread/WARN]: Unable to play unknown soundEvent: minecraft:mob.slime.big
[16:53:55] [Client thread/WARN]: Unable to play unknown soundEvent: minecraft:step.grass
[16:53:55] [Client thread/WARN]: Unable to play unknown soundEvent: minecraft:step.grass
[16:53:55] [Client thread/WARN]: Unable to play unknown soundEvent: minecraft:step.grass
[16:53:56] [Client thread/WARN]: Unable to play unknown soundEvent: minecraft:step.grass
[16:53:56] [Client thread/WARN]: Unable to play unknown soundEvent: minecraft:mob.slime.big
[16:53:56] [Client thread/WARN]: Unable to play unknown soundEvent: minecraft:step.grass
[16:53:56] [Client thread/WARN]: Unable to play unknown soundEvent: minecraft:mob.slime.big
[16:53:56] [Client thread/WARN]: Unable to play unknown soundEvent: minecraft:mob.slime.small
[16:53:57] [Client thread/WARN]: Unable to play unknown soundEvent: minecraft:random.pop
[16:53:57] [Client thread/WARN]: Unable to play unknown soundEvent: minecraft:step.grass
[16:53:57] [Client thread/WARN]: Unable to play unknown soundEvent: minecraft:mob.slime.big
[16:53:58] [Client thread/WARN]: Unable to play unknown soundEvent: minecraft:step.grass
[16:53:58] [Client thread/WARN]: Unable to play unknown soundEvent: minecraft:mob.slime.big
[16:53:58] [Client thread/WARN]: Unable to play unknown soundEvent: minecraft:mob.slime.small
[16:53:58] [Client thread/WARN]: Unable to play unknown soundEvent: minecraft:step.grass
[16:53:58] [Client thread/WARN]: Unable to play unknown soundEvent: minecraft:mob.slime.big
[16:53:59] [Client thread/WARN]: Unable to play unknown soundEvent: minecraft:mob.slime.big
[16:53:59] [Client thread/WARN]: Unable to play unknown soundEvent: minecraft:mob.slime.big
[16:54:00] [Client thread/WARN]: Unable to play unknown soundEvent: minecraft:mob.slime.big
[16:54:00] [Client thread/WARN]: Unable to play unknown soundEvent: minecraft:mob.slime.big
[16:54:06] [Client thread/WARN]: Unable to play unknown soundEvent: minecraft:dig.stone
[16:54:08] [Client thread/WARN]: Unable to play unknown soundEvent: minecraft:dig.stone
[16:54:10] [Client thread/WARN]: Unable to play unknown soundEvent: minecraft:dig.stone
[16:54:11] [Client thread/WARN]: Unable to play unknown soundEvent: minecraft:dig.stone
[16:54:14] [Client thread/WARN]: Unable to play unknown soundEvent: minecraft:dig.stone
[16:54:40] [Client thread/WARN]: Unable to play unknown soundEvent: minecraft:step.stone
[16:55:18] [Client thread/WARN]: Unable to play unknown soundEvent: minecraft:dig.stone
[16:55:19] [Client thread/WARN]: Unable to play unknown soundEvent: minecraft:mob.slime.big
[16:55:19] [Client thread/WARN]: Unable to play unknown soundEvent: minecraft:step.grass
[16:55:19] [Client thread/WARN]: Unable to play unknown soundEvent: minecraft:step.grass
[16:55:20] [Client thread/WARN]: Unable to play unknown soundEvent: minecraft:mob.slime.big
[16:55:20] [Client thread/WARN]: Unable to play unknown soundEvent: minecraft:step.grass
[16:55:20] [Client thread/WARN]: Unable to play unknown soundEvent: minecraft:mob.slime.small
[16:55:20] [Client thread/WARN]: Unable to play unknown soundEvent: minecraft:mob.slime.big
[16:55:21] [Client thread/WARN]: Unable to play unknown soundEvent: minecraft:step.grass
[16:55:21] [Client thread/WARN]: Unable to play unknown soundEvent: minecraft:mob.slime.big
[16:55:21] [Client thread/WARN]: Unable to play unknown soundEvent: minecraft:step.grass
[16:55:22] [Client thread/WARN]: Unable to play unknown soundEvent: minecraft:mob.slime.big
[16:55:22] [Client thread/WARN]: Unable to play unknown soundEvent: minecraft:mob.slime.small
[16:55:22] [Server thread/INFO]: Saving and pausing game...
[16:55:22] [Server thread/INFO]: Saving chunks for level 'New World'/Overworld
[16:55:22] [Server thread/INFO]: Saving chunks for level 'New World'/Nether
[16:55:22] [Server thread/INFO]: Saving chunks for level 'New World'/The End
[16:55:25] [Client thread/WARN]: Unable to play unknown soundEvent: minecraft:gui.button.press
[16:55:25] [Server thread/INFO]: Stopping server
[16:55:25] [Server thread/INFO]: Saving players
[16:55:25] [Server thread/INFO]: Saving worlds
[16:55:25] [Server thread/INFO]: Saving chunks for level 'New World'/Overworld
[16:55:25] [Server thread/INFO]: Saving chunks for level 'New World'/Nether
[16:55:25] [Server thread/INFO]: Saving chunks for level 'New World'/The End
[16:55:26] [Client thread/WARN]: Unable to play unknown soundEvent: minecraft:gui.button.press
[16:55:28] [Client thread/WARN]: Unable to play unknown soundEvent: minecraft:gui.button.press
[16:55:29] [Server thread/INFO]: Starting integrated minecraft server version 1.7.2
[16:55:29] [Server thread/INFO]: Generating keypair
[16:55:29] [Server thread/INFO]: Preparing start region for level 0
[16:55:29] [Server thread/INFO]: Player484[local:E:07894290] logged in with entity id 483102 at (368.73200749296825, 4.0, 1168.4863380365423)
[16:55:29] [Server thread/INFO]: Player484 joined the game
[16:55:30] [Client thread/WARN]: Unable to play unknown soundEvent: minecraft:mob.slime.big
[16:55:31] [Client thread/WARN]: Unable to play unknown soundEvent: minecraft:mob.slime.small
[16:55:31] [Client thread/WARN]: Unable to play unknown soundEvent: minecraft:mob.slime.big
[16:55:31] [Client thread/WARN]: Unable to play unknown soundEvent: minecraft:step.grass
[16:55:31] [Client thread/WARN]: Unable to play unknown soundEvent: minecraft:mob.slime.big
[16:55:32] [Client thread/WARN]: Unable to play unknown soundEvent: minecraft:mob.slime.small
[16:55:33] [Client thread/WARN]: Unable to play unknown soundEvent: minecraft:mob.slime.big
[16:55:33] [Client thread/WARN]: Unable to play unknown soundEvent: minecraft:mob.slime.big
[16:55:40] [Server thread/INFO]: Saving and pausing game...
[16:55:40] [Server thread/INFO]: Saving chunks for level 'New World'/Overworld
[16:55:40] [Server thread/INFO]: Saving chunks for level 'New World'/Nether
[16:55:40] [Server thread/INFO]: Saving chunks for level 'New World'/The End
[16:55:44] [Client thread/WARN]: Unable to play unknown soundEvent: minecraft:gui.button.press
[16:55:44] [Server thread/INFO]: Stopping server
[16:55:44] [Server thread/INFO]: Saving players
[16:55:44] [Server thread/INFO]: Saving worlds
[16:55:44] [Server thread/INFO]: Saving chunks for level 'New World'/Overworld
[16:55:44] [Server thread/INFO]: Saving chunks for level 'New World'/Nether
[16:55:44] [Server thread/INFO]: Saving chunks for level 'New World'/The End
[16:55:45] [Client thread/WARN]: Unable to play unknown soundEvent: minecraft:gui.button.press
[16:55:45] [Client thread/INFO]: Stopping!
